2021-06-20 14:51:45,213 INFO com.CarAppApplication [main] Starting CarAppApplication using Java 15.0.2 on DESKTOP-RN7C673 with PID 9544 (C:\Users\dell\git\springcarapplication\CarsApplication\bin\main started by dell in C:\Users\dell\git\springcarapplication\CarsApplication)
2021-06-20 14:51:45,246 INFO com.CarAppApplication [main] No active profile set, falling back to default profiles: default
2021-06-20 14:51:47,152 INFO org.springframework.data.repository.config.RepositoryConfigurationDelegate [main] Bootstrapping Spring Data JPA repositories in DEFAULT mode.
2021-06-20 14:51:47,576 INFO org.springframework.data.repository.config.RepositoryConfigurationDelegate [main] Finished Spring Data repository scanning in 413 ms. Found 6 JPA repository interfaces.
2021-06-20 14:51:49,088 INFO org.springframework.boot.web.embedded.tomcat.TomcatWebServer [main] Tomcat initialized with port(s): 8080 (http)
2021-06-20 14:51:49,103 INFO org.apache.coyote.http11.Http11NioProtocol [main] Initializing ProtocolHandler ["http-nio-8080"]
2021-06-20 14:51:49,104 INFO org.apache.catalina.core.StandardService [main] Starting service [Tomcat]
2021-06-20 14:51:49,104 INFO org.apache.catalina.core.StandardEngine [main] Starting Servlet engine: [Apache Tomcat/9.0.46]
2021-06-20 14:51:49,540 INFO org.apache.catalina.core.ContainerBase.[Tomcat].[localhost].[/] [main] Initializing Spring embedded WebApplicationContext
2021-06-20 14:51:49,540 INFO org.springframework.boot.web.servlet.context.ServletWebServerApplicationContext [main] Root WebApplicationContext: initialization completed in 4169 ms
2021-06-20 14:51:49,713 INFO com.zaxxer.hikari.HikariDataSource [main] HikariPool-1 - Starting...
2021-06-20 14:51:50,917 INFO com.zaxxer.hikari.HikariDataSource [main] HikariPool-1 - Start completed.
2021-06-20 14:51:51,517 INFO org.hibernate.jpa.internal.util.LogHelper [main] HHH000204: Processing PersistenceUnitInfo [name: default]
2021-06-20 14:51:51,625 INFO org.hibernate.Version [main] HHH000412: Hibernate ORM core version 5.4.32.Final
2021-06-20 14:51:52,036 INFO org.hibernate.annotations.common.Version [main] HCANN000001: Hibernate Commons Annotations {5.1.2.Final}
2021-06-20 14:51:52,279 INFO org.hibernate.dialect.Dialect [main] HHH000400: Using dialect: org.hibernate.dialect.PostgreSQL10Dialect
2021-06-20 14:51:56,107 INFO org.hibernate.engine.transaction.jta.platform.internal.JtaPlatformInitiator [main] HHH000490: Using JtaPlatform implementation: [org.hibernate.engine.transaction.jta.platform.internal.NoJtaPlatform]
2021-06-20 14:51:56,116 INFO org.springframework.orm.jpa.LocalContainerEntityManagerFactoryBean [main] Initialized JPA EntityManagerFactory for persistence unit 'default'
2021-06-20 14:51:57,045 WARN org.springframework.boot.autoconfigure.orm.jpa.JpaBaseConfiguration$JpaWebConfiguration [main] spring.jpa.open-in-view is enabled by default. Therefore, database queries may be performed during view rendering. Explicitly configure spring.jpa.open-in-view to disable this warning
2021-06-20 14:51:58,212 INFO org.apache.coyote.http11.Http11NioProtocol [main] Starting ProtocolHandler ["http-nio-8080"]
2021-06-20 14:51:58,246 INFO org.springframework.boot.web.embedded.tomcat.TomcatWebServer [main] Tomcat started on port(s): 8080 (http) with context path ''
2021-06-20 14:51:58,927 INFO com.CarAppApplication [main] Started CarAppApplication in 14.375 seconds (JVM running for 15.151)
2021-06-20 14:52:29,479 INFO org.apache.catalina.core.ContainerBase.[Tomcat].[localhost].[/] [http-nio-8080-exec-1] Initializing Spring DispatcherServlet 'dispatcherServlet'
2021-06-20 14:52:29,479 INFO org.springframework.web.servlet.DispatcherServlet [http-nio-8080-exec-1] Initializing Servlet 'dispatcherServlet'
2021-06-20 14:52:29,483 INFO org.springframework.web.servlet.DispatcherServlet [http-nio-8080-exec-1] Completed initialization in 4 ms
2021-06-20 14:52:31,066 ERROR springfox.documentation.swagger2.mappers.ReferenceModelSpecificationToPropertyConverter [http-nio-8080-exec-5] Unable to find a model that matches key ModelKey{qualifiedModelName=ModelName{namespace='java.util', name='Optional«Appointment»'}, viewDiscriminator=null, validationGroupDiscriminators=[], isResponse=true}
2021-06-20 14:52:31,071 ERROR springfox.documentation.swagger2.mappers.ReferenceModelSpecificationToPropertyConverter [http-nio-8080-exec-5] Unable to find a model that matches key ModelKey{qualifiedModelName=ModelName{namespace='java.util', name='Optional«Customer»'}, viewDiscriminator=null, validationGroupDiscriminators=[], isResponse=true}
2021-06-20 14:52:31,080 ERROR springfox.documentation.swagger2.mappers.ReferenceModelSpecificationToPropertyConverter [http-nio-8080-exec-5] Unable to find a model that matches key ModelKey{qualifiedModelName=ModelName{namespace='java.util', name='Optional«Payment»'}, viewDiscriminator=null, validationGroupDiscriminators=[], isResponse=true}
2021-06-20 14:52:31,107 ERROR springfox.documentation.swagger2.mappers.ReferenceModelSpecificationToPropertyConverter [http-nio-8080-exec-5] Unable to find a model that matches key ModelKey{qualifiedModelName=ModelName{namespace='java.util', name='Optional«Customer»'}, viewDiscriminator=null, validationGroupDiscriminators=[], isResponse=true}
2021-06-20 15:02:19,143 WARN org.springframework.validation.DataBinder [http-nio-8080-exec-1] Skipping URI variable 'paymentId' because request contains bind value with same name.
2021-06-20 16:37:51,537 ERROR springfox.documentation.swagger2.mappers.ReferenceModelSpecificationToPropertyConverter [http-nio-8080-exec-2] Unable to find a model that matches key ModelKey{qualifiedModelName=ModelName{namespace='java.util', name='Optional«Appointment»'}, viewDiscriminator=null, validationGroupDiscriminators=[], isResponse=true}
2021-06-20 16:37:52,248 ERROR springfox.documentation.swagger2.mappers.ReferenceModelSpecificationToPropertyConverter [http-nio-8080-exec-2] Unable to find a model that matches key ModelKey{qualifiedModelName=ModelName{namespace='java.util', name='Optional«Customer»'}, viewDiscriminator=null, validationGroupDiscriminators=[], isResponse=true}
2021-06-20 16:37:52,454 ERROR springfox.documentation.swagger2.mappers.ReferenceModelSpecificationToPropertyConverter [http-nio-8080-exec-2] Unable to find a model that matches key ModelKey{qualifiedModelName=ModelName{namespace='java.util', name='Optional«Payment»'}, viewDiscriminator=null, validationGroupDiscriminators=[], isResponse=true}
2021-06-20 16:37:52,455 ERROR springfox.documentation.swagger2.mappers.ReferenceModelSpecificationToPropertyConverter [http-nio-8080-exec-2] Unable to find a model that matches key ModelKey{qualifiedModelName=ModelName{namespace='java.util', name='Optional«Customer»'}, viewDiscriminator=null, validationGroupDiscriminators=[], isResponse=true}
2021-06-20 16:38:28,318 ERROR springfox.documentation.swagger2.mappers.ReferenceModelSpecificationToPropertyConverter [http-nio-8080-exec-3] Unable to find a model that matches key ModelKey{qualifiedModelName=ModelName{namespace='java.util', name='Optional«Appointment»'}, viewDiscriminator=null, validationGroupDiscriminators=[], isResponse=true}
2021-06-20 16:38:28,748 ERROR springfox.documentation.swagger2.mappers.ReferenceModelSpecificationToPropertyConverter [http-nio-8080-exec-3] Unable to find a model that matches key ModelKey{qualifiedModelName=ModelName{namespace='java.util', name='Optional«Customer»'}, viewDiscriminator=null, validationGroupDiscriminators=[], isResponse=true}
2021-06-20 16:38:31,123 ERROR springfox.documentation.swagger2.mappers.ReferenceModelSpecificationToPropertyConverter [http-nio-8080-exec-3] Unable to find a model that matches key ModelKey{qualifiedModelName=ModelName{namespace='java.util', name='Optional«Payment»'}, viewDiscriminator=null, validationGroupDiscriminators=[], isResponse=true}
2021-06-20 16:38:31,124 ERROR springfox.documentation.swagger2.mappers.ReferenceModelSpecificationToPropertyConverter [http-nio-8080-exec-3] Unable to find a model that matches key ModelKey{qualifiedModelName=ModelName{namespace='java.util', name='Optional«Customer»'}, viewDiscriminator=null, validationGroupDiscriminators=[], isResponse=true}
